<?xml version="1.0" encoding="UTF-8"?>
<!-- Generated by org.testng.reporters.JUnitReportReporter -->
<testsuite hostname="IN01LAP00082" name="pageTestLibrary.LoginPageTestSuite" tests="2" failures="0" timestamp="17 Jun 2018 05:10:26 GMT" time="24.733" errors="0">
  <testcase name="loginWithValidCredentials" time="13.929" classname="pageTestLibrary.LoginPageTestSuite"/>
  <testcase name="loginWithInvalidCredentials" time="10.804" classname="pageTestLibrary.LoginPageTestSuite"/>
</testsuite> <!-- pageTestLibrary.LoginPageTestSuite -->
